*** Starting uWSGI 2.0.17.1 (64bit) on [Mon Nov 19 16:53:54 2018] ***
compiled with version: 4.2.1 Compatible Apple LLVM 10.0.0 (clang-1000.10.44.2) on 19 November 2018 03:07:18
os: Darwin-17.5.0 Darwin Kernel Version 17.5.0: Mon Mar  5 22:24:32 PST 2018; root:xnu-4570.51.1~1/RELEASE_X86_64
nodename: zhangmengmeng-MacBook-Pro.local
machine: x86_64
clock source: unix
pcre jit disabled
detected number of CPU cores: 4
current working directory: /Users/zhangmengmeng/guest
detected binary path: /usr/local/bin/uwsgi
chdir() to /Users/zhangmengmeng/guest
*** WARNING: you are running uWSGI without its master process manager ***
your processes number limit is 709
your memory page size is 4096 bytes
detected max file descriptor number: 256
lock engine: OSX spinlocks
thunder lock: disabled (you can enable it with --thunder-lock)
uwsgi socket 0 bound to TCP address 127.0.0.1:8077 fd 3
Python version: 2.7.10 (default, Oct  6 2017, 22:29:07)  [GCC 4.2.1 Compatible Apple LLVM 9.0.0 (clang-900.0.31)]
*** Python threads support is disabled. You can enable it with --enable-threads ***
Python main interpreter initialized at 0x7fa123507e40
your server socket listen backlog is limited to 100 connections
your mercy for graceful operations on workers is 60 seconds
mapped 291552 bytes (284 KB) for 4 cores
*** Operational MODE: preforking ***
WSGI app 0 (mountpoint='') ready in 1 seconds on interpreter 0x7fa123507e40 pid: 80879 (default app)
*** uWSGI is running in multiple interpreter mode ***
spawned uWSGI worker 1 (pid: 80879, cores: 1)
spawned uWSGI worker 2 (pid: 80885, cores: 1)
spawned uWSGI worker 3 (pid: 80886, cores: 1)
spawned uWSGI worker 4 (pid: 80887, cores: 1)
*** Starting uWSGI 2.0.17.1 (64bit) on [Mon Nov 19 17:00:38 2018] ***
compiled with version: 4.2.1 Compatible Apple LLVM 10.0.0 (clang-1000.10.44.2) on 19 November 2018 03:07:18
os: Darwin-17.5.0 Darwin Kernel Version 17.5.0: Mon Mar  5 22:24:32 PST 2018; root:xnu-4570.51.1~1/RELEASE_X86_64
nodename: zhangmengmeng-MacBook-Pro.local
machine: x86_64
clock source: unix
pcre jit disabled
detected number of CPU cores: 4
current working directory: /Users/zhangmengmeng/guest
detected binary path: /usr/local/bin/uwsgi
chdir() to /Users/zhangmengmeng/guest
*** WARNING: you are running uWSGI without its master process manager ***
your processes number limit is 709
your memory page size is 4096 bytes
detected max file descriptor number: 256
lock engine: OSX spinlocks
thunder lock: disabled (you can enable it with --thunder-lock)
probably another instance of uWSGI is running on the same address (127.0.0.1:8077).
bind(): Address already in use [core/socket.c line 769]
*** Starting uWSGI 2.0.17.1 (64bit) on [Mon Nov 19 17:02:05 2018] ***
compiled with version: 4.2.1 Compatible Apple LLVM 10.0.0 (clang-1000.10.44.2) on 19 November 2018 03:07:18
os: Darwin-17.5.0 Darwin Kernel Version 17.5.0: Mon Mar  5 22:24:32 PST 2018; root:xnu-4570.51.1~1/RELEASE_X86_64
nodename: zhangmengmeng-MacBook-Pro.local
machine: x86_64
clock source: unix
pcre jit disabled
detected number of CPU cores: 4
current working directory: /Users/zhangmengmeng/guest
detected binary path: /usr/local/bin/uwsgi
chdir() to /Users/zhangmengmeng/guest
*** WARNING: you are running uWSGI without its master process manager ***
your processes number limit is 709
your memory page size is 4096 bytes
detected max file descriptor number: 256
lock engine: OSX spinlocks
thunder lock: disabled (you can enable it with --thunder-lock)
probably another instance of uWSGI is running on the same address (127.0.0.1:8077).
bind(): Address already in use [core/socket.c line 769]
*** Starting uWSGI 2.0.17.1 (64bit) on [Mon Nov 19 17:03:59 2018] ***
compiled with version: 4.2.1 Compatible Apple LLVM 10.0.0 (clang-1000.10.44.2) on 19 November 2018 03:07:18
os: Darwin-17.5.0 Darwin Kernel Version 17.5.0: Mon Mar  5 22:24:32 PST 2018; root:xnu-4570.51.1~1/RELEASE_X86_64
nodename: zhangmengmeng-MacBook-Pro.local
machine: x86_64
clock source: unix
pcre jit disabled
detected number of CPU cores: 4
current working directory: /Users/zhangmengmeng/guest
detected binary path: /usr/local/bin/uwsgi
chdir() to /Users/zhangmengmeng/guest
*** WARNING: you are running uWSGI without its master process manager ***
your processes number limit is 709
your memory page size is 4096 bytes
detected max file descriptor number: 256
lock engine: OSX spinlocks
thunder lock: disabled (you can enable it with --thunder-lock)
uwsgi socket 0 bound to TCP address 127.0.0.1:8077 fd 3
Python version: 2.7.10 (default, Oct  6 2017, 22:29:07)  [GCC 4.2.1 Compatible Apple LLVM 9.0.0 (clang-900.0.31)]
*** Python threads support is disabled. You can enable it with --enable-threads ***
Python main interpreter initialized at 0x7ffc10c03290
your server socket listen backlog is limited to 100 connections
your mercy for graceful operations on workers is 60 seconds
mapped 291552 bytes (284 KB) for 4 cores
*** Operational MODE: preforking ***
WSGI app 0 (mountpoint='') ready in 0 seconds on interpreter 0x7ffc10c03290 pid: 81346 (default app)
*** uWSGI is running in multiple interpreter mode ***
spawned uWSGI worker 1 (pid: 81346, cores: 1)
spawned uWSGI worker 2 (pid: 81352, cores: 1)
spawned uWSGI worker 3 (pid: 81353, cores: 1)
spawned uWSGI worker 4 (pid: 81354, cores: 1)
*** Starting uWSGI 2.0.17.1 (64bit) on [Mon Nov 19 17:12:04 2018] ***
compiled with version: 4.2.1 Compatible Apple LLVM 10.0.0 (clang-1000.10.44.2) on 19 November 2018 03:07:18
os: Darwin-17.5.0 Darwin Kernel Version 17.5.0: Mon Mar  5 22:24:32 PST 2018; root:xnu-4570.51.1~1/RELEASE_X86_64
nodename: zhangmengmeng-MacBook-Pro.local
machine: x86_64
clock source: unix
pcre jit disabled
detected number of CPU cores: 4
current working directory: /Users/zhangmengmeng/guest
detected binary path: /usr/local/bin/uwsgi
chdir() to /Users/zhangmengmeng/guest
*** WARNING: you are running uWSGI without its master process manager ***
your processes number limit is 709
your memory page size is 4096 bytes
detected max file descriptor number: 256
lock engine: OSX spinlocks
thunder lock: disabled (you can enable it with --thunder-lock)
uwsgi socket 0 bound to TCP address 127.0.0.1:8077 fd 3
Python version: 2.7.10 (default, Oct  6 2017, 22:29:07)  [GCC 4.2.1 Compatible Apple LLVM 9.0.0 (clang-900.0.31)]
*** Python threads support is disabled. You can enable it with --enable-threads ***
Python main interpreter initialized at 0x7ff381d00860
your server socket listen backlog is limited to 100 connections
your mercy for graceful operations on workers is 60 seconds
mapped 291552 bytes (284 KB) for 4 cores
*** Operational MODE: preforking ***
WSGI app 0 (mountpoint='') ready in 0 seconds on interpreter 0x7ff381d00860 pid: 81742 (default app)
*** uWSGI is running in multiple interpreter mode ***
spawned uWSGI worker 1 (pid: 81742, cores: 1)
spawned uWSGI worker 2 (pid: 81748, cores: 1)
spawned uWSGI worker 3 (pid: 81749, cores: 1)
spawned uWSGI worker 4 (pid: 81750, cores: 1)
Not Found: /
[pid: 81750|app: 0|req: 1/1] 127.0.0.1 () {42 vars in 715 bytes} [Mon Nov 19 09:21:11 2018] GET / => generated 3336 bytes in 53 msecs (HTTP/1.1 404) 3 headers in 102 bytes (1 switches on core 0)
Not Found: /favicon.ico
[pid: 81748|app: 0|req: 1/2] 127.0.0.1 () {42 vars in 689 bytes} [Mon Nov 19 09:21:11 2018] GET /favicon.ico => generated 3387 bytes in 42 msecs (HTTP/1.1 404) 3 headers in 102 bytes (1 switches on core 0)
[pid: 81750|app: 0|req: 2/3] 127.0.0.1 () {38 vars in 674 bytes} [Mon Nov 19 09:21:51 2018] GET /index/ => generated 485 bytes in 84 msecs (HTTP/1.1 200) 5 headers in 277 bytes (1 switches on core 0)
[pid: 81750|app: 0|req: 3/4] 127.0.0.1 () {50 vars in 995 bytes} [Mon Nov 19 09:21:59 2018] POST /login_action/ => generated 0 bytes in 292 msecs (HTTP/1.1 302) 7 headers in 435 bytes (2 switches on core 0)
[pid: 81750|app: 0|req: 4/5] 127.0.0.1 () {44 vars in 891 bytes} [Mon Nov 19 09:21:59 2018] GET /event_manage/ => generated 2576 bytes in 27 msecs (HTTP/1.1 200) 4 headers in 124 bytes (2 switches on core 0)
